c:\users\matt\documents\visual studio 2013\projects\things to remember\things to remember\debug\vc120.pdb
c:\users\matt\documents\visual studio 2013\projects\things to remember\things to remember\debug\vc120.idb
c:\users\matt\documents\visual studio 2013\projects\things to remember\things to remember\debug\cbutton.obj
c:\users\matt\documents\visual studio 2013\projects\things to remember\things to remember\debug\cgame.obj
c:\users\matt\documents\visual studio 2013\projects\things to remember\things to remember\debug\cingamestate.obj
c:\users\matt\documents\visual studio 2013\projects\things to remember\things to remember\debug\cintrostate.obj
c:\users\matt\documents\visual studio 2013\projects\things to remember\things to remember\debug\clevel.obj
c:\users\matt\documents\visual studio 2013\projects\things to remember\things to remember\debug\cmenustate.obj
c:\users\matt\documents\visual studio 2013\projects\things to remember\things to remember\debug\cparticle.obj
c:\users\matt\documents\visual studio 2013\projects\things to remember\things to remember\debug\cparticlesys.obj
c:\users\matt\documents\visual studio 2013\projects\things to remember\things to remember\debug\cplayer.obj
c:\users\matt\documents\visual studio 2013\projects\things to remember\things to remember\debug\cpsysman.obj
c:\users\matt\documents\visual studio 2013\projects\things to remember\things to remember\debug\cstartmenustate.obj
c:\users\matt\documents\visual studio 2013\projects\things to remember\things to remember\debug\ctile.obj
c:\users\matt\documents\visual studio 2013\projects\things to remember\things to remember\debug\debug.obj
c:\users\matt\documents\visual studio 2013\projects\things to remember\things to remember\debug\globals.obj
c:\users\matt\documents\visual studio 2013\projects\things to remember\things to remember\debug\levelmanager.obj
c:\users\matt\documents\visual studio 2013\projects\things to remember\things to remember\debug\main.obj
c:\users\matt\documents\visual studio 2013\projects\things to remember\debug\things to remember.ilk
c:\users\matt\documents\visual studio 2013\projects\things to remember\debug\things to remember.exe
c:\users\matt\documents\visual studio 2013\projects\things to remember\debug\things to remember.pdb
c:\users\matt\documents\visual studio 2013\projects\things to remember\things to remember\debug\things t.a5c89b52.tlog\cl.command.1.tlog
c:\users\matt\documents\visual studio 2013\projects\things to remember\things to remember\debug\things t.a5c89b52.tlog\cl.read.1.tlog
c:\users\matt\documents\visual studio 2013\projects\things to remember\things to remember\debug\things t.a5c89b52.tlog\cl.write.1.tlog
c:\users\matt\documents\visual studio 2013\projects\things to remember\things to remember\debug\things t.a5c89b52.tlog\link.command.1.tlog
c:\users\matt\documents\visual studio 2013\projects\things to remember\things to remember\debug\things t.a5c89b52.tlog\link.read.1.tlog
c:\users\matt\documents\visual studio 2013\projects\things to remember\things to remember\debug\things t.a5c89b52.tlog\link.write.1.tlog
